<?xml version="1.0" encoding="UTF-8"?>
<!-- Generated by org.testng.reporters.JUnitReportReporter -->
<testsuite hostname="DESKTOP-PVI9R6Q" failures="0" tests="3" name="testlayer.SearchTest" time="31.401" errors="0" timestamp="2023-09-08T19:23:24 GMT-04:00" skipped="0">
  <testcase classname="testlayer.SearchTest" name="search" time="12.703"/>
  <system-out/>
  <testcase classname="testlayer.SearchTest" name="search" time="10.088"/>
  <system-out/>
  <testcase classname="testlayer.SearchTest" name="search" time="8.610"/>
  <system-out/>
</testsuite> <!-- testlayer.SearchTest -->
