<?xml version="1.0" encoding="UTF-8"?>
<!-- Generated by org.testng.reporters.JUnitReportReporter -->
<testsuite hostname="DESKTOP-PVI9R6Q" failures="0" tests="1" name="testlayer.AddtoCartTest" time="21.889" errors="0" timestamp="2023-09-08T19:23:24 GMT-04:00" skipped="0">
  <testcase classname="testlayer.AddtoCartTest" name="validateAddtoCart" time="21.889"/>
  <system-out/>
</testsuite> <!-- testlayer.AddtoCartTest -->
