<?xml version="1.0" encoding="UTF-8"?>
<!-- Generated by org.testng.reporters.JUnitReportReporter -->
<testsuite hostname="DESKTOP-PVI9R6Q" failures="0" tests="1" name="testlayer.OrderTest" time="12.035" errors="0" timestamp="2023-09-08T19:23:24 GMT-04:00" skipped="0">
  <testcase classname="testlayer.OrderTest" name="orderhistory" time="12.035"/>
  <system-out/>
</testsuite> <!-- testlayer.OrderTest -->
