<?xml version="1.0" encoding="UTF-8"?>
<!-- Generated by org.testng.reporters.JUnitReportReporter -->
<testsuite hostname="DESKTOP-PVI9R6Q" failures="0" tests="1" name="testlayer.SpecificProductTest" time="26.856" errors="0" timestamp="2023-09-08T19:23:24 GMT-04:00" skipped="0">
  <testcase classname="testlayer.SpecificProductTest" name="beforecart" time="26.856"/>
  <system-out/>
</testsuite> <!-- testlayer.SpecificProductTest -->
