<?xml version="1.0" encoding="UTF-8"?>
<!-- Generated by org.testng.reporters.JUnitReportReporter -->
<testsuite hostname="DESKTOP-PVI9R6Q" failures="0" tests="2" name="testlayer.ProductPageTest" time="23.730" errors="0" timestamp="2023-09-08T19:23:24 GMT-04:00" skipped="0">
  <testcase classname="testlayer.ProductPageTest" name="filtertest" time="8.935"/>
  <system-out/>
  <testcase classname="testlayer.ProductPageTest" name="paginationtest" time="14.795"/>
  <system-out/>
</testsuite> <!-- testlayer.ProductPageTest -->
